# JRE version: OpenJDK Runtime Environment (8.0_242-b01) (build 1.8.0_242-release-1644-b01)
# Java VM: OpenJDK 64-Bit Server VM (25.242-b01 mixed mode windows-amd64 compressed oops)
Heap:
 PSYoungGen      total 410112K, used 228757K [0x00000000d5580000, 0x00000000f1380000, 0x0000000100000000)
  eden space 389632K, 58% used [0x00000000d5580000,0x00000000e34e5450,0x00000000ed200000)
  from space 20480K, 0% used [0x00000000eeb80000,0x00000000eeb80000,0x00000000eff80000)
  to   space 15360K, 0% used [0x00000000f0480000,0x00000000f0480000,0x00000000f1380000)
 ParOldGen       total 120320K, used 34072K [0x0000000080000000, 0x0000000087580000, 0x00000000d5580000)
  object space 120320K, 28% used [0x0000000080000000,0x00000000821461b0,0x0000000087580000)
 Metaspace       used 64993K, capacity 67926K, committed 68184K, reserved 1107968K
  class space    used 8900K, capacity 9488K, committed 9600K, reserved 1048576K
GC Heap History (10 events):
Event: 6.699 GC heap before
{Heap before GC invocations=8 (full 1):
 PSYoungGen      total 250880K, used 40264K [0x00000000d5580000, 0x00000000e7380000, 0x0000000100000000)
  eden space 237568K, 11% used [0x00000000d5580000,0x00000000d6fd7568,0x00000000e3d80000)
  from space 13312K, 99% used [0x00000000e6680000,0x00000000e737ada8,0x00000000e7380000)
  to   space 16384K, 0% used [0x00000000e5380000,0x00000000e5380000,0x00000000e6380000)
 ParOldGen       total 54272K, used 8134K [0x0000000080000000, 0x0000000083500000, 0x00000000d5580000)
  object space 54272K, 14% used [0x0000000080000000,0x00000000807f1b90,0x0000000083500000)
 Metaspace       used 34176K, capacity 35342K, committed 35416K, reserved 1079296K
  class space    used 4662K, capacity 4938K, committed 4992K, reserved 1048576K
Event: 6.714 GC heap after
Heap after GC invocations=8 (full 1):
 PSYoungGen      total 276480K, used 7755K [0x00000000d5580000, 0x00000000f1380000, 0x0000000100000000)
  eden space 260096K, 0% used [0x00000000d5580000,0x00000000d5580000,0x00000000e5380000)
  from space 16384K, 47% used [0x00000000e5380000,0x00000000e5b12c68,0x00000000e6380000)
  to   space 15360K, 0% used [0x00000000f0480000,0x00000000f0480000,0x00000000f1380000)
 ParOldGen       total 54272K, used 8142K [0x0000000080000000, 0x0000000083500000, 0x00000000d5580000)
  object space 54272K, 15% used [0x0000000080000000,0x00000000807f3b90,0x0000000083500000)
 Metaspace       used 34176K, capacity 35342K, committed 35416K, reserved 1079296K
  class space    used 4662K, capacity 4938K, committed 4992K, reserved 1048576K
}
Event: 6.714 GC heap before
{Heap before GC invocations=9 (full 2):
 PSYoungGen      total 276480K, used 7755K [0x00000000d5580000, 0x00000000f1380000, 0x0000000100000000)
  eden space 260096K, 0% used [0x00000000d5580000,0x00000000d5580000,0x00000000e5380000)
  from space 16384K, 47% used [0x00000000e5380000,0x00000000e5b12c68,0x00000000e6380000)
  to   space 15360K, 0% used [0x00000000f0480000,0x00000000f0480000,0x00000000f1380000)
 ParOldGen       total 54272K, used 8142K [0x0000000080000000, 0x0000000083500000, 0x00000000d5580000)
  object space 54272K, 15% used [0x0000000080000000,0x00000000807f3b90,0x0000000083500000)
 Metaspace       used 34176K, capacity 35342K, committed 35416K, reserved 1079296K
  class space    used 4662K, capacity 4938K, committed 4992K, reserved 1048576K
Event: 6.838 GC heap after
Heap after GC invocations=9 (full 2):
 PSYoungGen      total 276480K, used 0K [0x00000000d5580000, 0x00000000f1380000, 0x0000000100000000)
  eden space 260096K, 0% used [0x00000000d5580000,0x00000000d5580000,0x00000000e5380000)
  from space 16384K, 0% used [0x00000000e5380000,0x00000000e5380000,0x00000000e6380000)
  to   space 15360K, 0% used [0x00000000f0480000,0x00000000f0480000,0x00000000f1380000)
 ParOldGen       total 78848K, used 14465K [0x0000000080000000, 0x0000000084d00000, 0x00000000d5580000)
  object space 78848K, 18% used [0x0000000080000000,0x0000000080e204c0,0x0000000084d00000)
 Metaspace       used 34176K, capacity 35342K, committed 35416K, reserved 1079296K
  class space    used 4662K, capacity 4938K, committed 4992K, reserved 1048576K
}
Event: 10.012 GC heap before
{Heap before GC invocations=10 (full 2):
 PSYoungGen      total 276480K, used 260096K [0x00000000d5580000, 0x00000000f1380000, 0x0000000100000000)
  eden space 260096K, 100% used [0x00000000d5580000,0x00000000e5380000,0x00000000e5380000)
  from space 16384K, 0% used [0x00000000e5380000,0x00000000e5380000,0x00000000e6380000)
  to   space 15360K, 0% used [0x00000000f0480000,0x00000000f0480000,0x00000000f1380000)
 ParOldGen       total 78848K, used 14465K [0x0000000080000000, 0x0000000084d00000, 0x00000000d5580000)
  object space 78848K, 18% used [0x0000000080000000,0x0000000080e204c0,0x0000000084d00000)
 Metaspace       used 48220K, capacity 50104K, committed 50392K, reserved 1093632K
  class space    used 6473K, capacity 6852K, committed 6912K, reserved 1048576K
Event: 10.034 GC heap after
Heap after GC invocations=10 (full 2):
 PSYoungGen      total 404992K, used 15353K [0x00000000d5580000, 0x00000000f1380000, 0x0000000100000000)
  eden space 389632K, 0% used [0x00000000d5580000,0x00000000d5580000,0x00000000ed200000)
  from space 15360K, 99% used [0x00000000f0480000,0x00000000f137e550,0x00000000f1380000)
  to   space 20480K, 0% used [0x00000000eeb80000,0x00000000eeb80000,0x00000000eff80000)
 ParOldGen       total 78848K, used 20746K [0x0000000080000000, 0x0000000084d00000, 0x00000000d5580000)
  object space 78848K, 26% used [0x0000000080000000,0x0000000081442848,0x0000000084d00000)
 Metaspace       used 48220K, capacity 50104K, committed 50392K, reserved 1093632K
  class space    used 6473K, capacity 6852K, committed 6912K, reserved 1048576K
}
Event: 11.966 GC heap before
{Heap before GC invocations=11 (full 2):
 PSYoungGen      total 404992K, used 115360K [0x00000000d5580000, 0x00000000f1380000, 0x0000000100000000)
  eden space 389632K, 25% used [0x00000000d5580000,0x00000000db729dc8,0x00000000ed200000)
  from space 15360K, 99% used [0x00000000f0480000,0x00000000f137e550,0x00000000f1380000)
  to   space 20480K, 0% used [0x00000000eeb80000,0x00000000eeb80000,0x00000000eff80000)
 ParOldGen       total 78848K, used 20746K [0x0000000080000000, 0x0000000084d00000, 0x00000000d5580000)
  object space 78848K, 26% used [0x0000000080000000,0x0000000081442848,0x0000000084d00000)
 Metaspace       used 56513K, capacity 58844K, committed 59028K, reserved 1099776K
  class space    used 7700K, capacity 8165K, committed 8192K, reserved 1048576K
Event: 11.993 GC heap after
Heap after GC invocations=11 (full 2):
 PSYoungGen      total 410112K, used 20463K [0x00000000d5580000, 0x00000000f1380000, 0x0000000100000000)
  eden space 389632K, 0% used [0x00000000d5580000,0x00000000d5580000,0x00000000ed200000)
  from space 20480K, 99% used [0x00000000eeb80000,0x00000000eff7bf30,0x00000000eff80000)
  to   space 15360K, 0% used [0x00000000f0480000,0x00000000f0480000,0x00000000f1380000)
 ParOldGen       total 78848K, used 22181K [0x0000000080000000, 0x0000000084d00000, 0x00000000d5580000)
  object space 78848K, 28% used [0x0000000080000000,0x00000000815a9678,0x0000000084d00000)
 Metaspace       used 56513K, capacity 58844K, committed 59028K, reserved 1099776K
  class space    used 7700K, capacity 8165K, committed 8192K, reserved 1048576K
}
Event: 11.993 GC heap before
{Heap before GC invocations=12 (full 3):
 PSYoungGen      total 410112K, used 20463K [0x00000000d5580000, 0x00000000f1380000, 0x0000000100000000)
  eden space 389632K, 0% used [0x00000000d5580000,0x00000000d5580000,0x00000000ed200000)
  from space 20480K, 99% used [0x00000000eeb80000,0x00000000eff7bf30,0x00000000eff80000)
  to   space 15360K, 0% used [0x00000000f0480000,0x00000000f0480000,0x00000000f1380000)
 ParOldGen       total 78848K, used 22181K [0x0000000080000000, 0x0000000084d00000, 0x00000000d5580000)
  object space 78848K, 28% used [0x0000000080000000,0x00000000815a9678,0x0000000084d00000)
 Metaspace       used 56513K, capacity 58844K, committed 59028K, reserved 1099776K
  class space    used 7700K, capacity 8165K, committed 8192K, reserved 1048576K
Event: 12.278 GC heap after
Heap after GC invocations=12 (full 3):
 PSYoungGen      total 410112K, used 0K [0x00000000d5580000, 0x00000000f1380000, 0x0000000100000000)
  eden space 389632K, 0% used [0x00000000d5580000,0x00000000d5580000,0x00000000ed200000)
  from space 20480K, 0% used [0x00000000eeb80000,0x00000000eeb80000,0x00000000eff80000)
  to   space 15360K, 0% used [0x00000000f0480000,0x00000000f0480000,0x00000000f1380000)
 ParOldGen       total 120320K, used 34072K [0x0000000080000000, 0x0000000087580000, 0x00000000d5580000)
  object space 120320K, 28% used [0x0000000080000000,0x00000000821461b0,0x0000000087580000)
 Metaspace       used 56502K, capacity 58808K, committed 59028K, reserved 1099776K
  class space    used 7697K, capacity 8159K, committed 8192K, reserved 1048576K
}

