# JRE version: OpenJDK Runtime Environment (8.0_242-b01) (build 1.8.0_242-release-1644-b01)
# Java VM: OpenJDK 64-Bit Server VM (25.242-b01 mixed mode windows-amd64 compressed oops)
Heap:
 PSYoungGen      total 341504K, used 209894K [0x00000000d5580000, 0x00000000ebd00000, 0x0000000100000000)
  eden space 323072K, 64% used [0x00000000d5580000,0x00000000e2279ac0,0x00000000e9100000)
  from space 18432K, 0% used [0x00000000ea880000,0x00000000ea880000,0x00000000eba80000)
  to   space 22528K, 0% used [0x00000000e9100000,0x00000000e9100000,0x00000000ea700000)
 ParOldGen       total 73216K, used 35547K [0x0000000080000000, 0x0000000084780000, 0x00000000d5580000)
  object space 73216K, 48% used [0x0000000080000000,0x00000000822b6d00,0x0000000084780000)
 Metaspace       used 64798K, capacity 67842K, committed 68184K, reserved 1107968K
  class space    used 8897K, capacity 9496K, committed 9600K, reserved 1048576K
GC Heap History (10 events):
Event: 6.024 GC heap before
{Heap before GC invocations=9 (full 1):
 PSYoungGen      total 145408K, used 36979K [0x00000000d5580000, 0x00000000e6180000, 0x0000000100000000)
  eden space 133120K, 18% used [0x00000000d5580000,0x00000000d6d9efa0,0x00000000dd780000)
  from space 12288K, 99% used [0x00000000dd780000,0x00000000de37df40,0x00000000de380000)
  to   space 15360K, 0% used [0x00000000e5280000,0x00000000e5280000,0x00000000e6180000)
 ParOldGen       total 56320K, used 13754K [0x0000000080000000, 0x0000000083700000, 0x00000000d5580000)
  object space 56320K, 24% used [0x0000000080000000,0x0000000080d6ea98,0x0000000083700000)
 Metaspace       used 34198K, capacity 35374K, committed 35416K, reserved 1079296K
  class space    used 4670K, capacity 4970K, committed 4992K, reserved 1048576K
Event: 6.048 GC heap after
Heap after GC invocations=9 (full 1):
 PSYoungGen      total 258048K, used 7720K [0x00000000d5580000, 0x00000000e6000000, 0x0000000100000000)
  eden space 244224K, 0% used [0x00000000d5580000,0x00000000d5580000,0x00000000e4400000)
  from space 13824K, 55% used [0x00000000e5280000,0x00000000e5a0a060,0x00000000e6000000)
  to   space 14336K, 0% used [0x00000000e4400000,0x00000000e4400000,0x00000000e5200000)
 ParOldGen       total 56320K, used 13762K [0x0000000080000000, 0x0000000083700000, 0x00000000d5580000)
  object space 56320K, 24% used [0x0000000080000000,0x0000000080d70a98,0x0000000083700000)
 Metaspace       used 34198K, capacity 35374K, committed 35416K, reserved 1079296K
  class space    used 4670K, capacity 4970K, committed 4992K, reserved 1048576K
}
Event: 6.048 GC heap before
{Heap before GC invocations=10 (full 2):
 PSYoungGen      total 258048K, used 7720K [0x00000000d5580000, 0x00000000e6000000, 0x0000000100000000)
  eden space 244224K, 0% used [0x00000000d5580000,0x00000000d5580000,0x00000000e4400000)
  from space 13824K, 55% used [0x00000000e5280000,0x00000000e5a0a060,0x00000000e6000000)
  to   space 14336K, 0% used [0x00000000e4400000,0x00000000e4400000,0x00000000e5200000)
 ParOldGen       total 56320K, used 13762K [0x0000000080000000, 0x0000000083700000, 0x00000000d5580000)
  object space 56320K, 24% used [0x0000000080000000,0x0000000080d70a98,0x0000000083700000)
 Metaspace       used 34198K, capacity 35374K, committed 35416K, reserved 1079296K
  class space    used 4670K, capacity 4970K, committed 4992K, reserved 1048576K
Event: 6.183 GC heap after
Heap after GC invocations=10 (full 2):
 PSYoungGen      total 258048K, used 0K [0x00000000d5580000, 0x00000000e6000000, 0x0000000100000000)
  eden space 244224K, 0% used [0x00000000d5580000,0x00000000d5580000,0x00000000e4400000)
  from space 13824K, 0% used [0x00000000e5280000,0x00000000e5280000,0x00000000e6000000)
  to   space 14336K, 0% used [0x00000000e4400000,0x00000000e4400000,0x00000000e5200000)
 ParOldGen       total 73216K, used 14479K [0x0000000080000000, 0x0000000084780000, 0x00000000d5580000)
  object space 73216K, 19% used [0x0000000080000000,0x0000000080e23cc8,0x0000000084780000)
 Metaspace       used 34198K, capacity 35374K, committed 35416K, reserved 1079296K
  class space    used 4670K, capacity 4970K, committed 4992K, reserved 1048576K
}
Event: 9.110 GC heap before
{Heap before GC invocations=11 (full 2):
 PSYoungGen      total 258048K, used 244224K [0x00000000d5580000, 0x00000000e6000000, 0x0000000100000000)
  eden space 244224K, 100% used [0x00000000d5580000,0x00000000e4400000,0x00000000e4400000)
  from space 13824K, 0% used [0x00000000e5280000,0x00000000e5280000,0x00000000e6000000)
  to   space 14336K, 0% used [0x00000000e4400000,0x00000000e4400000,0x00000000e5200000)
 ParOldGen       total 73216K, used 14479K [0x0000000080000000, 0x0000000084780000, 0x00000000d5580000)
  object space 73216K, 19% used [0x0000000080000000,0x0000000080e23cc8,0x0000000084780000)
 Metaspace       used 47040K, capacity 48972K, committed 49240K, reserved 1091584K
  class space    used 6333K, capacity 6716K, committed 6784K, reserved 1048576K
Event: 9.145 GC heap after
Heap after GC invocations=11 (full 2):
 PSYoungGen      total 258560K, used 14333K [0x00000000d5580000, 0x00000000eba80000, 0x0000000100000000)
  eden space 244224K, 0% used [0x00000000d5580000,0x00000000d5580000,0x00000000e4400000)
  from space 14336K, 99% used [0x00000000e4400000,0x00000000e51ff4e0,0x00000000e5200000)
  to   space 18432K, 0% used [0x00000000ea880000,0x00000000ea880000,0x00000000eba80000)
 ParOldGen       total 73216K, used 19149K [0x0000000080000000, 0x0000000084780000, 0x00000000d5580000)
  object space 73216K, 26% used [0x0000000080000000,0x00000000812b3618,0x0000000084780000)
 Metaspace       used 47040K, capacity 48972K, committed 49240K, reserved 1091584K
  class space    used 6333K, capacity 6716K, committed 6784K, reserved 1048576K
}
Event: 10.903 GC heap before
{Heap before GC invocations=12 (full 2):
 PSYoungGen      total 258560K, used 126010K [0x00000000d5580000, 0x00000000eba80000, 0x0000000100000000)
  eden space 244224K, 45% used [0x00000000d5580000,0x00000000dc28f708,0x00000000e4400000)
  from space 14336K, 99% used [0x00000000e4400000,0x00000000e51ff4e0,0x00000000e5200000)
  to   space 18432K, 0% used [0x00000000ea880000,0x00000000ea880000,0x00000000eba80000)
 ParOldGen       total 73216K, used 19149K [0x0000000080000000, 0x0000000084780000, 0x00000000d5580000)
  object space 73216K, 26% used [0x0000000080000000,0x00000000812b3618,0x0000000084780000)
 Metaspace       used 56488K, capacity 58832K, committed 59028K, reserved 1099776K
  class space    used 7703K, capacity 8163K, committed 8192K, reserved 1048576K
Event: 10.943 GC heap after
Heap after GC invocations=12 (full 2):
 PSYoungGen      total 341504K, used 18402K [0x00000000d5580000, 0x00000000ebd00000, 0x0000000100000000)
  eden space 323072K, 0% used [0x00000000d5580000,0x00000000d5580000,0x00000000e9100000)
  from space 18432K, 99% used [0x00000000ea880000,0x00000000eba78998,0x00000000eba80000)
  to   space 22528K, 0% used [0x00000000e9100000,0x00000000e9100000,0x00000000ea700000)
 ParOldGen       total 73216K, used 24183K [0x0000000080000000, 0x0000000084780000, 0x00000000d5580000)
  object space 73216K, 33% used [0x0000000080000000,0x000000008179dc80,0x0000000084780000)
 Metaspace       used 56488K, capacity 58832K, committed 59028K, reserved 1099776K
  class space    used 7703K, capacity 8163K, committed 8192K, reserved 1048576K
}
Event: 10.943 GC heap before
{Heap before GC invocations=13 (full 3):
 PSYoungGen      total 341504K, used 18402K [0x00000000d5580000, 0x00000000ebd00000, 0x0000000100000000)
  eden space 323072K, 0% used [0x00000000d5580000,0x00000000d5580000,0x00000000e9100000)
  from space 18432K, 99% used [0x00000000ea880000,0x00000000eba78998,0x00000000eba80000)
  to   space 22528K, 0% used [0x00000000e9100000,0x00000000e9100000,0x00000000ea700000)
 ParOldGen       total 73216K, used 24183K [0x0000000080000000, 0x0000000084780000, 0x00000000d5580000)
  object space 73216K, 33% used [0x0000000080000000,0x000000008179dc80,0x0000000084780000)
 Metaspace       used 56488K, capacity 58832K, committed 59028K, reserved 1099776K
  class space    used 7703K, capacity 8163K, committed 8192K, reserved 1048576K
Event: 11.263 GC heap after
Heap after GC invocations=13 (full 3):
 PSYoungGen      total 341504K, used 0K [0x00000000d5580000, 0x00000000ebd00000, 0x0000000100000000)
  eden space 323072K, 0% used [0x00000000d5580000,0x00000000d5580000,0x00000000e9100000)
  from space 18432K, 0% used [0x00000000ea880000,0x00000000ea880000,0x00000000eba80000)
  to   space 22528K, 0% used [0x00000000e9100000,0x00000000e9100000,0x00000000ea700000)
 ParOldGen       total 73216K, used 35547K [0x0000000080000000, 0x0000000084780000, 0x00000000d5580000)
  object space 73216K, 48% used [0x0000000080000000,0x00000000822b6d00,0x0000000084780000)
 Metaspace       used 56479K, capacity 58802K, committed 59028K, reserved 1099776K
  class space    used 7700K, capacity 8158K, committed 8192K, reserved 1048576K
}

