# JRE version: OpenJDK Runtime Environment (8.0_242-b01) (build 1.8.0_242-release-1644-b01)
# Java VM: OpenJDK 64-Bit Server VM (25.242-b01 mixed mode windows-amd64 compressed oops)
Heap:
 PSYoungGen      total 351232K, used 5709K [0x00000000d5580000, 0x00000000ec900000, 0x0000000100000000)
  eden space 332800K, 1% used [0x00000000d5580000,0x00000000d5b13650,0x00000000e9a80000)
  from space 18432K, 0% used [0x00000000eb100000,0x00000000eb100000,0x00000000ec300000)
  to   space 23040K, 0% used [0x00000000e9a80000,0x00000000e9a80000,0x00000000eb100000)
 ParOldGen       total 107520K, used 35525K [0x0000000080000000, 0x0000000086900000, 0x00000000d5580000)
  object space 107520K, 33% used [0x0000000080000000,0x00000000822b1468,0x0000000086900000)
 Metaspace       used 56455K, capacity 58854K, committed 59156K, reserved 1099776K
  class space    used 7691K, capacity 8194K, committed 8320K, reserved 1048576K
GC Heap History (10 events):
Event: 6.681 GC heap before
{Heap before GC invocations=9 (full 1):
 PSYoungGen      total 145408K, used 36847K [0x00000000d5580000, 0x00000000e6000000, 0x0000000100000000)
  eden space 133120K, 18% used [0x00000000d5580000,0x00000000d6d82e78,0x00000000dd780000)
  from space 12288K, 99% used [0x00000000dd780000,0x00000000de378ee0,0x00000000de380000)
  to   space 15360K, 0% used [0x00000000e5100000,0x00000000e5100000,0x00000000e6000000)
 ParOldGen       total 51712K, used 8981K [0x0000000080000000, 0x0000000083280000, 0x00000000d5580000)
  object space 51712K, 17% used [0x0000000080000000,0x00000000808c55a8,0x0000000083280000)
 Metaspace       used 34197K, capacity 35342K, committed 35416K, reserved 1079296K
  class space    used 4662K, capacity 4938K, committed 4992K, reserved 1048576K
Event: 6.707 GC heap after
Heap after GC invocations=9 (full 1):
 PSYoungGen      total 257536K, used 7753K [0x00000000d5580000, 0x00000000e5f00000, 0x0000000100000000)
  eden space 243200K, 0% used [0x00000000d5580000,0x00000000d5580000,0x00000000e4300000)
  from space 14336K, 54% used [0x00000000e5100000,0x00000000e5892538,0x00000000e5f00000)
  to   space 14336K, 0% used [0x00000000e4300000,0x00000000e4300000,0x00000000e5100000)
 ParOldGen       total 51712K, used 8989K [0x0000000080000000, 0x0000000083280000, 0x00000000d5580000)
  object space 51712K, 17% used [0x0000000080000000,0x00000000808c75a8,0x0000000083280000)
 Metaspace       used 34197K, capacity 35342K, committed 35416K, reserved 1079296K
  class space    used 4662K, capacity 4938K, committed 4992K, reserved 1048576K
}
Event: 6.707 GC heap before
{Heap before GC invocations=10 (full 2):
 PSYoungGen      total 257536K, used 7753K [0x00000000d5580000, 0x00000000e5f00000, 0x0000000100000000)
  eden space 243200K, 0% used [0x00000000d5580000,0x00000000d5580000,0x00000000e4300000)
  from space 14336K, 54% used [0x00000000e5100000,0x00000000e5892538,0x00000000e5f00000)
  to   space 14336K, 0% used [0x00000000e4300000,0x00000000e4300000,0x00000000e5100000)
 ParOldGen       total 51712K, used 8989K [0x0000000080000000, 0x0000000083280000, 0x00000000d5580000)
  object space 51712K, 17% used [0x0000000080000000,0x00000000808c75a8,0x0000000083280000)
 Metaspace       used 34197K, capacity 35342K, committed 35416K, reserved 1079296K
  class space    used 4662K, capacity 4938K, committed 4992K, reserved 1048576K
Event: 6.805 GC heap after
Heap after GC invocations=10 (full 2):
 PSYoungGen      total 257536K, used 0K [0x00000000d5580000, 0x00000000e5f00000, 0x0000000100000000)
  eden space 243200K, 0% used [0x00000000d5580000,0x00000000d5580000,0x00000000e4300000)
  from space 14336K, 0% used [0x00000000e5100000,0x00000000e5100000,0x00000000e5f00000)
  to   space 14336K, 0% used [0x00000000e4300000,0x00000000e4300000,0x00000000e5100000)
 ParOldGen       total 70144K, used 14509K [0x0000000080000000, 0x0000000084480000, 0x00000000d5580000)
  object space 70144K, 20% used [0x0000000080000000,0x0000000080e2b4f8,0x0000000084480000)
 Metaspace       used 34197K, capacity 35342K, committed 35416K, reserved 1079296K
  class space    used 4662K, capacity 4938K, committed 4992K, reserved 1048576K
}
Event: 9.891 GC heap before
{Heap before GC invocations=11 (full 2):
 PSYoungGen      total 257536K, used 243200K [0x00000000d5580000, 0x00000000e5f00000, 0x0000000100000000)
  eden space 243200K, 100% used [0x00000000d5580000,0x00000000e4300000,0x00000000e4300000)
  from space 14336K, 0% used [0x00000000e5100000,0x00000000e5100000,0x00000000e5f00000)
  to   space 14336K, 0% used [0x00000000e4300000,0x00000000e4300000,0x00000000e5100000)
 ParOldGen       total 70144K, used 14509K [0x0000000080000000, 0x0000000084480000, 0x00000000d5580000)
  object space 70144K, 20% used [0x0000000080000000,0x0000000080e2b4f8,0x0000000084480000)
 Metaspace       used 47200K, capacity 49102K, committed 49240K, reserved 1091584K
  class space    used 6352K, capacity 6717K, committed 6784K, reserved 1048576K
Event: 9.913 GC heap after
Heap after GC invocations=11 (full 2):
 PSYoungGen      total 257536K, used 14315K [0x00000000d5580000, 0x00000000ec300000, 0x0000000100000000)
  eden space 243200K, 0% used [0x00000000d5580000,0x00000000d5580000,0x00000000e4300000)
  from space 14336K, 99% used [0x00000000e4300000,0x00000000e50fadf0,0x00000000e5100000)
  to   space 18432K, 0% used [0x00000000eb100000,0x00000000eb100000,0x00000000ec300000)
 ParOldGen       total 70144K, used 19556K [0x0000000080000000, 0x0000000084480000, 0x00000000d5580000)
  object space 70144K, 27% used [0x0000000080000000,0x0000000081319160,0x0000000084480000)
 Metaspace       used 47200K, capacity 49102K, committed 49240K, reserved 1091584K
  class space    used 6352K, capacity 6717K, committed 6784K, reserved 1048576K
}
Event: 11.772 GC heap before
{Heap before GC invocations=12 (full 2):
 PSYoungGen      total 257536K, used 124192K [0x00000000d5580000, 0x00000000ec300000, 0x0000000100000000)
  eden space 243200K, 45% used [0x00000000d5580000,0x00000000dc0cd3e0,0x00000000e4300000)
  from space 14336K, 99% used [0x00000000e4300000,0x00000000e50fadf0,0x00000000e5100000)
  to   space 18432K, 0% used [0x00000000eb100000,0x00000000eb100000,0x00000000ec300000)
 ParOldGen       total 70144K, used 19556K [0x0000000080000000, 0x0000000084480000, 0x00000000d5580000)
  object space 70144K, 27% used [0x0000000080000000,0x0000000081319160,0x0000000084480000)
 Metaspace       used 56450K, capacity 58840K, committed 59028K, reserved 1099776K
  class space    used 7684K, capacity 8165K, committed 8192K, reserved 1048576K
Event: 11.831 GC heap after
Heap after GC invocations=12 (full 2):
 PSYoungGen      total 351232K, used 18421K [0x00000000d5580000, 0x00000000ec900000, 0x0000000100000000)
  eden space 332800K, 0% used [0x00000000d5580000,0x00000000d5580000,0x00000000e9a80000)
  from space 18432K, 99% used [0x00000000eb100000,0x00000000ec2fd630,0x00000000ec300000)
  to   space 23040K, 0% used [0x00000000e9a80000,0x00000000e9a80000,0x00000000eb100000)
 ParOldGen       total 70144K, used 24475K [0x0000000080000000, 0x0000000084480000, 0x00000000d5580000)
  object space 70144K, 34% used [0x0000000080000000,0x00000000817e6f38,0x0000000084480000)
 Metaspace       used 56450K, capacity 58840K, committed 59028K, reserved 1099776K
  class space    used 7684K, capacity 8165K, committed 8192K, reserved 1048576K
}
Event: 11.831 GC heap before
{Heap before GC invocations=13 (full 3):
 PSYoungGen      total 351232K, used 18421K [0x00000000d5580000, 0x00000000ec900000, 0x0000000100000000)
  eden space 332800K, 0% used [0x00000000d5580000,0x00000000d5580000,0x00000000e9a80000)
  from space 18432K, 99% used [0x00000000eb100000,0x00000000ec2fd630,0x00000000ec300000)
  to   space 23040K, 0% used [0x00000000e9a80000,0x00000000e9a80000,0x00000000eb100000)
 ParOldGen       total 70144K, used 24475K [0x0000000080000000, 0x0000000084480000, 0x00000000d5580000)
  object space 70144K, 34% used [0x0000000080000000,0x00000000817e6f38,0x0000000084480000)
 Metaspace       used 56450K, capacity 58840K, committed 59028K, reserved 1099776K
  class space    used 7684K, capacity 8165K, committed 8192K, reserved 1048576K
Event: 12.158 GC heap after
Heap after GC invocations=13 (full 3):
 PSYoungGen      total 351232K, used 0K [0x00000000d5580000, 0x00000000ec900000, 0x0000000100000000)
  eden space 332800K, 0% used [0x00000000d5580000,0x00000000d5580000,0x00000000e9a80000)
  from space 18432K, 0% used [0x00000000eb100000,0x00000000eb100000,0x00000000ec300000)
  to   space 23040K, 0% used [0x00000000e9a80000,0x00000000e9a80000,0x00000000eb100000)
 ParOldGen       total 107520K, used 35525K [0x0000000080000000, 0x0000000086900000, 0x00000000d5580000)
  object space 107520K, 33% used [0x0000000080000000,0x00000000822b1468,0x0000000086900000)
 Metaspace       used 56444K, capacity 58822K, committed 59028K, reserved 1099776K
  class space    used 7683K, capacity 8162K, committed 8192K, reserved 1048576K
}

