# JRE version: OpenJDK Runtime Environment (8.0_242-b01) (build 1.8.0_242-release-1644-b01)
# Java VM: OpenJDK 64-Bit Server VM (25.242-b01 mixed mode windows-amd64 compressed oops)
Heap:
 PSYoungGen      total 335360K, used 30993K [0x00000000d5580000, 0x00000000ebf80000, 0x0000000100000000)
  eden space 316416K, 5% used [0x00000000d5580000,0x00000000d6576560,0x00000000e8a80000)
  from space 18944K, 77% used [0x00000000ead00000,0x00000000ebb4e190,0x00000000ebf80000)
  to   space 27136K, 0% used [0x00000000e8a80000,0x00000000e8a80000,0x00000000ea500000)
 ParOldGen       total 100864K, used 55248K [0x0000000080000000, 0x0000000086280000, 0x00000000d5580000)
  object space 100864K, 54% used [0x0000000080000000,0x00000000835f4348,0x0000000086280000)
 Metaspace       used 78804K, capacity 82724K, committed 82904K, reserved 1120256K
  class space    used 10779K, capacity 11513K, committed 11520K, reserved 1048576K
GC Heap History (10 events):
Event: 12.135 GC heap before
{Heap before GC invocations=13 (full 2):
 PSYoungGen      total 186880K, used 186709K [0x00000000d5580000, 0x00000000e1e80000, 0x0000000100000000)
  eden space 177152K, 100% used [0x00000000d5580000,0x00000000e0280000,0x00000000e0280000)
  from space 9728K, 98% used [0x00000000e1500000,0x00000000e1e556e8,0x00000000e1e80000)
  to   space 13312K, 0% used [0x00000000e0480000,0x00000000e0480000,0x00000000e1180000)
 ParOldGen       total 71168K, used 17401K [0x0000000080000000, 0x0000000084580000, 0x00000000d5580000)
  object space 71168K, 24% used [0x0000000080000000,0x00000000810fe490,0x0000000084580000)
 Metaspace       used 55979K, capacity 58292K, committed 58584K, reserved 1099776K
  class space    used 7619K, capacity 8091K, committed 8192K, reserved 1048576K
Event: 12.202 GC heap after
Heap after GC invocations=13 (full 2):
 PSYoungGen      total 192512K, used 13281K [0x00000000d5580000, 0x00000000e6700000, 0x0000000100000000)
  eden space 179200K, 0% used [0x00000000d5580000,0x00000000d5580000,0x00000000e0480000)
  from space 13312K, 99% used [0x00000000e0480000,0x00000000e11787d8,0x00000000e1180000)
  to   space 19968K, 0% used [0x00000000e5380000,0x00000000e5380000,0x00000000e6700000)
 ParOldGen       total 71168K, used 31351K [0x0000000080000000, 0x0000000084580000, 0x00000000d5580000)
  object space 71168K, 44% used [0x0000000080000000,0x0000000081e9dea8,0x0000000084580000)
 Metaspace       used 55979K, capacity 58292K, committed 58584K, reserved 1099776K
  class space    used 7619K, capacity 8091K, committed 8192K, reserved 1048576K
}
Event: 12.377 GC heap before
{Heap before GC invocations=14 (full 2):
 PSYoungGen      total 192512K, used 22919K [0x00000000d5580000, 0x00000000e6700000, 0x0000000100000000)
  eden space 179200K, 5% used [0x00000000d5580000,0x00000000d5ee9530,0x00000000e0480000)
  from space 13312K, 99% used [0x00000000e0480000,0x00000000e11787d8,0x00000000e1180000)
  to   space 19968K, 0% used [0x00000000e5380000,0x00000000e5380000,0x00000000e6700000)
 ParOldGen       total 71168K, used 31351K [0x0000000080000000, 0x0000000084580000, 0x00000000d5580000)
  object space 71168K, 44% used [0x0000000080000000,0x0000000081e9dea8,0x0000000084580000)
 Metaspace       used 56518K, capacity 58866K, committed 59028K, reserved 1099776K
  class space    used 7711K, capacity 8166K, committed 8192K, reserved 1048576K
Event: 12.409 GC heap after
Heap after GC invocations=14 (full 2):
 PSYoungGen      total 259584K, used 800K [0x00000000d5580000, 0x00000000e7700000, 0x0000000100000000)
  eden space 239616K, 0% used [0x00000000d5580000,0x00000000d5580000,0x00000000e3f80000)
  from space 19968K, 4% used [0x00000000e5380000,0x00000000e5448000,0x00000000e6700000)
  to   space 20480K, 0% used [0x00000000e3f80000,0x00000000e3f80000,0x00000000e5380000)
 ParOldGen       total 71168K, used 42448K [0x0000000080000000, 0x0000000084580000, 0x00000000d5580000)
  object space 71168K, 59% used [0x0000000080000000,0x0000000082974380,0x0000000084580000)
 Metaspace       used 56518K, capacity 58866K, committed 59028K, reserved 1099776K
  class space    used 7711K, capacity 8166K, committed 8192K, reserved 1048576K
}
Event: 12.409 GC heap before
{Heap before GC invocations=15 (full 3):
 PSYoungGen      total 259584K, used 800K [0x00000000d5580000, 0x00000000e7700000, 0x0000000100000000)
  eden space 239616K, 0% used [0x00000000d5580000,0x00000000d5580000,0x00000000e3f80000)
  from space 19968K, 4% used [0x00000000e5380000,0x00000000e5448000,0x00000000e6700000)
  to   space 20480K, 0% used [0x00000000e3f80000,0x00000000e3f80000,0x00000000e5380000)
 ParOldGen       total 71168K, used 42448K [0x0000000080000000, 0x0000000084580000, 0x00000000d5580000)
  object space 71168K, 59% used [0x0000000080000000,0x0000000082974380,0x0000000084580000)
 Metaspace       used 56518K, capacity 58866K, committed 59028K, reserved 1099776K
  class space    used 7711K, capacity 8166K, committed 8192K, reserved 1048576K
Event: 12.725 GC heap after
Heap after GC invocations=15 (full 3):
 PSYoungGen      total 259584K, used 0K [0x00000000d5580000, 0x00000000e7700000, 0x0000000100000000)
  eden space 239616K, 0% used [0x00000000d5580000,0x00000000d5580000,0x00000000e3f80000)
  from space 19968K, 0% used [0x00000000e5380000,0x00000000e5380000,0x00000000e6700000)
  to   space 20480K, 0% used [0x00000000e3f80000,0x00000000e3f80000,0x00000000e5380000)
 ParOldGen       total 100864K, used 29203K [0x0000000080000000, 0x0000000086280000, 0x00000000d5580000)
  object space 100864K, 28% used [0x0000000080000000,0x0000000081c84d68,0x0000000086280000)
 Metaspace       used 56504K, capacity 58818K, committed 59028K, reserved 1099776K
  class space    used 7707K, capacity 8158K, committed 8192K, reserved 1048576K
}
Event: 20.873 GC heap before
{Heap before GC invocations=16 (full 3):
 PSYoungGen      total 259584K, used 239616K [0x00000000d5580000, 0x00000000e7700000, 0x0000000100000000)
  eden space 239616K, 100% used [0x00000000d5580000,0x00000000e3f80000,0x00000000e3f80000)
  from space 19968K, 0% used [0x00000000e5380000,0x00000000e5380000,0x00000000e6700000)
  to   space 20480K, 0% used [0x00000000e3f80000,0x00000000e3f80000,0x00000000e5380000)
 ParOldGen       total 100864K, used 29203K [0x0000000080000000, 0x0000000086280000, 0x00000000d5580000)
  object space 100864K, 28% used [0x0000000080000000,0x0000000081c84d68,0x0000000086280000)
 Metaspace       used 69115K, capacity 72332K, committed 72536K, reserved 1112064K
  class space    used 9450K, capacity 10033K, committed 10112K, reserved 1048576K
Event: 20.919 GC heap after
Heap after GC invocations=16 (full 3):
 PSYoungGen      total 260096K, used 20457K [0x00000000d5580000, 0x00000000ec780000, 0x0000000100000000)
  eden space 239616K, 0% used [0x00000000d5580000,0x00000000d5580000,0x00000000e3f80000)
  from space 20480K, 99% used [0x00000000e3f80000,0x00000000e537a7a8,0x00000000e5380000)
  to   space 27136K, 0% used [0x00000000ead00000,0x00000000ead00000,0x00000000ec780000)
 ParOldGen       total 100864K, used 38738K [0x0000000080000000, 0x0000000086280000, 0x00000000d5580000)
  object space 100864K, 38% used [0x0000000080000000,0x00000000825d4b68,0x0000000086280000)
 Metaspace       used 69115K, capacity 72332K, committed 72536K, reserved 1112064K
  class space    used 9450K, capacity 10033K, committed 10112K, reserved 1048576K
}
Event: 27.925 GC heap before
{Heap before GC invocations=17 (full 3):
 PSYoungGen      total 260096K, used 260073K [0x00000000d5580000, 0x00000000ec780000, 0x0000000100000000)
  eden space 239616K, 100% used [0x00000000d5580000,0x00000000e3f80000,0x00000000e3f80000)
  from space 20480K, 99% used [0x00000000e3f80000,0x00000000e537a7a8,0x00000000e5380000)
  to   space 27136K, 0% used [0x00000000ead00000,0x00000000ead00000,0x00000000ec780000)
 ParOldGen       total 100864K, used 38738K [0x0000000080000000, 0x0000000086280000, 0x00000000d5580000)
  object space 100864K, 38% used [0x0000000080000000,0x00000000825d4b68,0x0000000086280000)
 Metaspace       used 78144K, capacity 82036K, committed 82136K, reserved 1120256K
  class space    used 10731K, capacity 11467K, committed 11520K, reserved 1048576K
Event: 27.992 GC heap after
Heap after GC invocations=17 (full 3):
 PSYoungGen      total 335360K, used 14648K [0x00000000d5580000, 0x00000000ebf80000, 0x0000000100000000)
  eden space 316416K, 0% used [0x00000000d5580000,0x00000000d5580000,0x00000000e8a80000)
  from space 18944K, 77% used [0x00000000ead00000,0x00000000ebb4e190,0x00000000ebf80000)
  to   space 27136K, 0% used [0x00000000e8a80000,0x00000000e8a80000,0x00000000ea500000)
 ParOldGen       total 100864K, used 55248K [0x0000000080000000, 0x0000000086280000, 0x00000000d5580000)
  object space 100864K, 54% used [0x0000000080000000,0x00000000835f4348,0x0000000086280000)
 Metaspace       used 78144K, capacity 82036K, committed 82136K, reserved 1120256K
  class space    used 10731K, capacity 11467K, committed 11520K, reserved 1048576K
}

